<?xml version="1.0" encoding="UTF-8"?>
<testsuite xmlns:xsi="http://www.w3.org/2001/XMLSchema-instance" xsi:schemaLocation="https://maven.apache.org/surefire/maven-surefire-plugin/xsd/surefire-test-report.xsd" name="com.WEBTECHQA.UniNav.AcceptanceTestSuite" time="734.256" tests="81" errors="0" skipped="0" failures="0">
  <properties>
[...]
</properties>
  <testcase name="BeforeStories" classname="java.lang.Object" time="0.008"/>
  <testcase name="Given user is logged out" classname="com.WEBTECHQA.UninavDefinition.AccountDefinition" time="14.985"/>
  <testcase name="When user hovers over SignIn" classname="com.WEBTECHQA.UninavDefinition.AccountDefinition" time="4.233"/>
  <testcase name="Then Oracle and Cloud Sign In panel must be stacked" classname="com.WEBTECHQA.UninavDefinition.AccountDefinition" time="0.568"/>
  <testcase name="Scenario: Accounts - logged out state" classname="Scenario: Accounts - logged out state" time="2.204"/>
  <testcase name="Given user is logged in Oracle account" classname="com.WEBTECHQA.UninavDefinition.AccountDefinition" time="108.706"/>
  <testcase name="When user hovers over Account" classname="com.WEBTECHQA.UninavDefinition.AccountDefinition" time="13.471"/>
  <testcase name="Then user name and heading Oracle account must be displayed" classname="com.WEBTECHQA.UninavDefinition.AccountDefinition" time="3.579"/>
  <testcase name="Scenario: Accounts - logged in state" classname="Scenario: Accounts - logged in state" time="4.917"/>
  <testcase name="Given user is logged in Oracle account​" classname="com.WEBTECHQA.UninavDefinition.AccountDefinition" time="29.423"/>
  <testcase name="When user hovers over Account​" classname="com.WEBTECHQA.UninavDefinition.AccountDefinition" time="12.175"/>
  <testcase name="Then User verify Oracle account must have links:" classname="com.WEBTECHQA.UninavDefinition.AccountDefinition" time="0.872"/>
  <testcase name="Scenario: Accounts - Oracle Account links verify" classname="Scenario: Accounts - Oracle Account links verify" time="2.443"/>
  <testcase name="Given user is logged in Oracle account​​" classname="com.WEBTECHQA.UninavDefinition.AccountDefinition" time="29.968"/>
  <testcase name="When user hovers over Account​​" classname="com.WEBTECHQA.UninavDefinition.AccountDefinition" time="12.137"/>
  <testcase name="Then User verify Oracle signin must have links:" classname="com.WEBTECHQA.UninavDefinition.AccountDefinition" time="0.637"/>
  <testcase name="Scenario: Accounts - Cloud Sign In links verify" classname="Scenario: Accounts - Cloud Sign In links verify" time="2.182"/>
  <testcase name="Account․story" classname="Account․story" time="2.183"/>
  <testcase name="Given user has contact in the nav" classname="com.WEBTECHQA.UninavDefinition.Contactdefinition" time="12.666"/>
  <testcase name="When user clicks on the link" classname="com.WEBTECHQA.UninavDefinition.Contactdefinition" time="0.958"/>
  <testcase name="Then contact list must open" classname="com.WEBTECHQA.UninavDefinition.Contactdefinition" time="3.508"/>
  <testcase name="Scenario: Contact" classname="Scenario: Contact" time="5.009"/>
  <testcase name="Contact․story" classname="Contact․story" time="5.011"/>
  <testcase name="Given Global Nav load" classname="com.WEBTECHQA.UninavDefinition.CountryListDefinition" time="12.2"/>
  <testcase name="When user hovers over &apos;Country/Region&apos;" classname="com.WEBTECHQA.UninavDefinition.CountryListDefinition" time="5.255"/>
  <testcase name="Then panel must show Regions in the 1st panel and their countries in the 2nd panel" classname="com.WEBTECHQA.UninavDefinition.CountryListDefinition" time="1.121"/>
  <testcase name="Then based on country site pin must appear against it" classname="com.WEBTECHQA.UninavDefinition.CountryListDefinition" time="14.865"/>
  <testcase name="Scenario: Show regions and its countries" classname="Scenario: Show regions and its countries" time="16.495"/>
  <testcase name="CountryList․story" classname="CountryList․story" time="16.496"/>
  <testcase name="Given user is on the ocom page" classname="com.WEBTECHQA.UninavDefinition.Menupaneldefinition" time="27.288"/>
  <testcase name="When the page load" classname="com.WEBTECHQA.UninavDefinition.Menupaneldefinition" time="0.471"/>
  <testcase name="Then menu must appear on the left of the Oracle Badge" classname="com.WEBTECHQA.UninavDefinition.Menupaneldefinition" time="0.463"/>
  <testcase name="Scenario: Menu" classname="Scenario: Menu" time="2.063"/>
  <testcase name="Given Global Nav load​" classname="com.WEBTECHQA.UninavDefinition.CountryListDefinition" time="13.054"/>
  <testcase name="When user hovers over menu icon" classname="com.WEBTECHQA.UninavDefinition.Menupaneldefinition" time="9.034"/>
  <testcase name="Then panels must load progressively" classname="com.WEBTECHQA.UninavDefinition.Menupaneldefinition" time="13.459"/>
  <testcase name="Scenario: Hover over menu" classname="Scenario: Hover over menu" time="15.176"/>
  <testcase name="Given Menu panel opened" classname="com.WEBTECHQA.UninavDefinition.Menupaneldefinition" time="28.025"/>
  <testcase name="When user clicks on a link" classname="com.WEBTECHQA.UninavDefinition.Menupaneldefinition" time="16.458"/>
  <testcase name="Then user must navigate to that page" classname="com.WEBTECHQA.UninavDefinition.Menupaneldefinition" time="5.288"/>
  <testcase name="Scenario: Navigate tositepage" classname="Scenario: Navigate tositepage" time="6.925"/>
  <testcase name="Menu․story" classname="Menu․story" time="6.927"/>
  <testcase name="Given user clicked in the search field" classname="com.WEBTECHQA.UninavDefinition.SearchAutosuggestDefinition" time="15.235"/>
  <testcase name="When user begins to type keyword &apos;ora&apos;" classname="com.WEBTECHQA.UninavDefinition.SearchAutosuggestDefinition" time="3.807"/>
  <testcase name="Then auto suggestion must appear" classname="com.WEBTECHQA.UninavDefinition.SearchAutosuggestDefinition" time="5.654"/>
  <testcase name="Scenario: Suggest search keywords" classname="Scenario: Suggest search keywords" time="7.24"/>
  <testcase name="Given autosuggest appears" classname="com.WEBTECHQA.UninavDefinition.SearchAutosuggestDefinition" time="24.437"/>
  <testcase name="When user clicks outside the search field" classname="com.WEBTECHQA.UninavDefinition.SearchAutosuggestDefinition" time="5.677"/>
  <testcase name="Then autosuggest must retract" classname="com.WEBTECHQA.UninavDefinition.SearchAutosuggestDefinition" time="3.562"/>
  <testcase name="Scenario: Autosuggest retracts" classname="Scenario: Autosuggest retracts" time="4.996"/>
  <testcase name="Given autosuggestion retracted" classname="com.WEBTECHQA.UninavDefinition.SearchAutosuggestDefinition" time="32.922"/>
  <testcase name="When user continues to enterkeyword" classname="com.WEBTECHQA.UninavDefinition.SearchAutosuggestDefinition" time="3.792"/>
  <testcase name="Then autosuggest must reappear" classname="com.WEBTECHQA.UninavDefinition.SearchAutosuggestDefinition" time="5.54"/>
  <testcase name="Scenario: Autosuggest reappears as user types keyword" classname="Scenario: Autosuggest reappears as user types keyword" time="6.917"/>
  <testcase name="Given search field shows autosuggestions" classname="com.WEBTECHQA.UninavDefinition.SearchAutosuggestDefinition" time="24.431"/>
  <testcase name="When user selects an option and clickssearch icon" classname="com.WEBTECHQA.UninavDefinition.SearchAutosuggestDefinition" time="3.434"/>
  <testcase name="Then results must be displayed on Oracle search page" classname="com.WEBTECHQA.UninavDefinition.SearchAutosuggestDefinition" time="37.31"/>
  <testcase name="Scenario: Select from auto suggestedkeywords" classname="Scenario: Select from auto suggestedkeywords" time="38.677"/>
  <testcase name="SearchAutosuggest․story" classname="SearchAutosuggest․story" time="38.68"/>
  <testcase name="Given user is on the OCOM  page" classname="com.WEBTECHQA.UninavDefinition.searchdefinition" time="13.091"/>
  <testcase name="When Global nav loads" classname="com.WEBTECHQA.UninavDefinition.searchdefinition" time="5.759"/>
  <testcase name="Then Search text must be followed with a search icon" classname="com.WEBTECHQA.UninavDefinition.searchdefinition" time="0.576"/>
  <testcase name="Scenario: Search - Inactive" classname="Scenario: Search - Inactive" time="2.011"/>
  <testcase name="Given Global Nav loads" classname="com.WEBTECHQA.UninavDefinition.Menupaneldefinition" time="28.665"/>
  <testcase name="When user clicks on the search icon" classname="com.WEBTECHQA.UninavDefinition.searchdefinition" time="1.095"/>
  <testcase name="Then search field must open" classname="com.WEBTECHQA.UninavDefinition.searchdefinition" time="5.751"/>
  <testcase name="Scenario: Search - Open" classname="Scenario: Search - Open" time="7.216"/>
  <testcase name="Given user clicked onsearch icon" classname="com.WEBTECHQA.UninavDefinition.searchdefinition" time="14.226"/>
  <testcase name="When search field opens" classname="com.WEBTECHQA.UninavDefinition.searchdefinition" time="5.756"/>
  <testcase name="Then text search and cursor must appear in the field" classname="com.WEBTECHQA.UninavDefinition.searchdefinition" time="1.479"/>
  <testcase name="Scenario: Search - Active" classname="Scenario: Search - Active" time="2.877"/>
  <testcase name="Given search box in open" classname="com.WEBTECHQA.UninavDefinition.searchdefinition" time="22.841"/>
  <testcase name="When user clicks away from search field" classname="com.WEBTECHQA.UninavDefinition.searchdefinition" time="5.914"/>
  <testcase name="Then search must show inactive state" classname="com.WEBTECHQA.UninavDefinition.searchdefinition" time="6.52"/>
  <testcase name="Scenario: Search - Close" classname="Scenario: Search - Close" time="7.936"/>
  <testcase name="Given user entered a keyword" classname="com.WEBTECHQA.UninavDefinition.searchdefinition" time="16.421"/>
  <testcase name="When user clicks onsearch icon" classname="com.WEBTECHQA.UninavDefinition.searchdefinition" time="2.265"/>
  <testcase name="Then user must navigate to site search page" classname="com.WEBTECHQA.UninavDefinition.searchdefinition" time="4.281"/>
  <testcase name="Scenario: Search with a keyword" classname="Scenario: Search with a keyword" time="5.699"/>
  <testcase name="Site Search․story" classname="Site Search․story" time="5.7"/>
  <testcase name="AfterStories" classname="java.lang.Object" time="8.346"/>
</testsuite>